 
****************************************
Report : area
Design : processing_unit
Version: O-2018.06
Date   : Sat Nov 30 17:08:37 2019
****************************************

Library(s) Used:

    lec25dscc25_TT (File: /afs/umich.edu/class/eecs470/lib/synopsys/lec25dscc25_TT.db)

Number of ports:                          276
Number of nets:                           864
Number of cells:                          563
Number of combinational cells:            468
Number of sequential cells:                81
Number of macros/black boxes:               0
Number of buf/inv:                         89
Number of references:                      38

Combinational area:              24294.299511
Buf/Inv area:                     3997.902416
Noncombinational area:           11039.863754
Macro/Black Box area:                0.000000
Net Interconnect area:             258.925133

Total cell area:                 35334.163265
Total area:                      35593.088399

Hierarchical area distribution
------------------------------

                                  Global cell area            Local cell area
                                  -------------------  ------------------------------ 
Hierarchical cell                 Absolute    Percent  Combi-      Noncombi-   Black-
                                  Total       Total    national    national    boxes   Design
--------------------------------  ----------  -------  ----------  ----------  ------  --------------------
processing_unit                   35334.1633    100.0   6759.9368   5266.9519  0.0000  processing_unit
FSM_selector_inst                  2853.2716      8.1   1808.1796   1045.0920  0.0000  FSM_selector
PE_row[0].PE_column[0].PEs         4744.3995     13.4      0.0000      0.0000  0.0000  processing_element_3
PE_row[0].PE_column[0].PEs/counter_inst  4362.8572    12.3  3417.2932   945.5640 0.0000 counter_3
PE_row[0].PE_column[0].PEs/multiplexer_inst   381.5424     1.1   381.5424     0.0000 0.0000 multiplexer_3
PE_row[0].PE_column[1].PEs         4288.2072     12.1      0.0000      0.0000  0.0000  processing_element_2
PE_row[0].PE_column[1].PEs/counter_inst  3815.4264    10.8  2869.8624   945.5640 0.0000 counter_2
PE_row[0].PE_column[1].PEs/multiplexer_inst   472.7808     1.3   472.7808     0.0000 0.0000 multiplexer_2
PE_row[1].PE_column[0].PEs         4454.0956     12.6      0.0000      0.0000  0.0000  processing_element_1
PE_row[1].PE_column[0].PEs/counter_inst  4072.5532    11.5  3126.9892   945.5640 0.0000 counter_1
PE_row[1].PE_column[0].PEs/multiplexer_inst   381.5424     1.1   381.5424     0.0000 0.0000 multiplexer_1
PE_row[1].PE_column[1].PEs         4238.4408     12.0      0.0000      0.0000  0.0000  processing_element_0
PE_row[1].PE_column[1].PEs/counter_inst  3823.7208    10.8  2878.1568   945.5640 0.0000 counter_0
PE_row[1].PE_column[1].PEs/multiplexer_inst   414.7200     1.2   414.7200     0.0000 0.0000 multiplexer_0
down_counter_inst                  2728.8600      7.7   1783.2960    945.5640  0.0000  down_counter
--------------------------------  ----------  -------  ----------  ----------  ------  --------------------
Total                                                  24294.2995  11039.8638  0.0000

1
