Loading db file '/afs/umich.edu/class/eecs470/lib/synopsys/lec25dscc25_TT.db'
Information: Propagating switching activity (low effort zero delay simulation). (PWR-6)
Warning: Design has unannotated primary inputs. (PWR-414)
Warning: Design has unannotated sequential cell outputs. (PWR-415)
 
****************************************
Report : power
        -hier
        -analysis_effort low
Design : processing_unit
Version: O-2018.06
Date   : Sat Nov 30 21:38:04 2019
****************************************


Library(s) Used:

    lec25dscc25_TT (File: /afs/umich.edu/class/eecs470/lib/synopsys/lec25dscc25_TT.db)


Operating Conditions: nom_pvt   Library: lec25dscc25_TT
Wire Load Model Mode: top

Design        Wire Load Model            Library
------------------------------------------------
processing_unit        tsmcwire          lec25dscc25_TT


Global Operating Voltage = 2.5  
Power-specific unit information :
    Voltage Units = 1V
    Capacitance Units = 1.000000pf
    Time Units = 1ns
    Dynamic Power Units = 1mW    (derived from V,C,T units)
    Leakage Power Units = 1pW


--------------------------------------------------------------------------------
                                       Switch   Int      Leak     Total
Hierarchy                              Power    Power    Power    Power    %
--------------------------------------------------------------------------------
processing_unit                           1.014    6.505 1.60e+04    7.519 100.0
  index_counter_inst (index_counter)   1.47e-02    0.294  671.130    0.309   4.1
  partial_result_buffer_inst (partial_result_buffer) 5.63e-02    1.724 3.94e+03    1.781  23.7
  PE_row[1].PE_column[1].PEs (processing_element_0)    0.106    0.649 1.72e+03    0.756  10.0
    multiplexer_inst (multiplexer_0)   8.90e-03 4.41e-02  300.591 5.30e-02   0.7
    counter_inst (counter_0)           9.73e-02    0.605 1.42e+03    0.703   9.3
  PE_row[1].PE_column[0].PEs (processing_element_1)    0.110    0.569 1.71e+03    0.679   9.0
    multiplexer_inst (multiplexer_1)   1.07e-02 4.28e-02  316.000 5.35e-02   0.7
    counter_inst (counter_1)           9.90e-02    0.526 1.39e+03    0.625   8.3
  PE_row[0].PE_column[1].PEs (processing_element_2)    0.117    0.621 1.85e+03    0.739   9.8
    multiplexer_inst (multiplexer_2)   1.21e-02 4.07e-02  307.276 5.28e-02   0.7
    counter_inst (counter_2)              0.105    0.581 1.54e+03    0.686   9.1
  PE_row[0].PE_column[0].PEs (processing_element_3)    0.152    0.653 1.75e+03    0.805  10.7
    multiplexer_inst (multiplexer_3)   1.26e-02 4.37e-02  316.000 5.62e-02   0.7
    counter_inst (counter_3)              0.140    0.609 1.43e+03    0.749  10.0
  FSM_selector_inst (FSM_selector)     9.63e-02    0.606 1.53e+03    0.702   9.3
  down_counter_inst (down_counter)        0.179    0.826 1.20e+03    1.005  13.4
  controller_inst (controller)            0.113    0.452 1.02e+03    0.565   7.5
1
